!!! my_init
Create_File, path: /README.txt
FindpreFolder, path: /README.txt
FindFile, path: /
find file OK
ModeCheck, path: /
FindFile, path: /
find file OK
file mode: 40755
FindFile, path: /README.txt
find file OK
Create_File, path: /chatbot
FindpreFolder, path: /chatbot
FindFile, path: /
find file OK
ModeCheck, path: /
FindFile, path: /
find file OK
file mode: 40755
Create_File, path: /chatbot/bot1
FindpreFolder, path: /chatbot/bot1
FindFile, path: /chatbot/
find file OK
ModeCheck, path: /chatbot
FindFile, path: /chatbot
find file OK
file mode: 40755
Create_File, path: /chatbot/bot2
FindpreFolder, path: /chatbot/bot2
FindFile, path: /chatbot/
find file OK
ModeCheck, path: /chatbot
FindFile, path: /chatbot
find file OK
file mode: 40755
Create_File, path: /chatbot/bot1/bot2
FindpreFolder, path: /chatbot/bot1/bot2
FindFile, path: /chatbot/bot1/
find file OK
ModeCheck, path: /chatbot/bot1
FindFile, path: /chatbot/bot1
find file OK
file mode: 40755
Create_File, path: /chatbot/bot2/bot1
FindpreFolder, path: /chatbot/bot2/bot1
FindFile, path: /chatbot/bot2/
find file OK
ModeCheck, path: /chatbot/bot2
FindFile, path: /chatbot/bot2
find file OK
file mode: 40755
Create_File, path: /chatbot/bot1/bot2/a.out
FindpreFolder, path: /chatbot/bot1/bot2/a.out
FindFile, path: /chatbot/bot1/bot2/
find file OK
ModeCheck, path: /chatbot/bot1/bot2
FindFile, path: /chatbot/bot1/bot2
find file OK
file mode: 40755
Create_File, path: /chatbot/bot2/bot1/a.out
FindpreFolder, path: /chatbot/bot2/bot1/a.out
FindFile, path: /chatbot/bot2/bot1/
find file OK
ModeCheck, path: /chatbot/bot2/bot1
FindFile, path: /chatbot/bot2/bot1
find file OK
file mode: 40755
!!! my_getattr, path: /
FindFile, path: /
find file OK
my_getattr, stbuf->st_mode: 40755
!!! my_getattr, path: /
FindFile, path: /
find file OK
my_getattr, stbuf->st_mode: 40755
!!! my_access, path: /
ModeCheck, path: /
FindFile, path: /
find file OK
file mode: 40755
!!! my_readdir, path: /
FindFile, path: /
find file OK
ModeCheck, path: /
FindFile, path: /
find file OK
file mode: 40755
GetLasName, path: /chatbot
GetLasName, path: /README.txt
!!! my_getattr, path: /chatbot
FindFile, path: /chatbot
find file OK
my_getattr, stbuf->st_mode: 40755
!!! my_getattr, path: /README.txt
FindFile, path: /README.txt
find file OK
my_getattr, stbuf->st_mode: 100644
!!! my_getattr, path: /
FindFile, path: /
find file OK
my_getattr, stbuf->st_mode: 40755
!!! my_readdir, path: /
FindFile, path: /
find file OK
ModeCheck, path: /
FindFile, path: /
find file OK
file mode: 40755
GetLasName, path: /chatbot
GetLasName, path: /README.txt
!!! my_getattr, path: /chatbot
FindFile, path: /chatbot
find file OK
my_getattr, stbuf->st_mode: 40755
!!! my_getattr, path: /README.txt
FindFile, path: /README.txt
find file OK
my_getattr, stbuf->st_mode: 100644
